  IOManager.cpp
C:\Users\Sean Coleman\source\repos\Engine 4\Engine 4\TempGeometry.h(12,29): warning C4305: 'initializing': truncation from 'double' to 'const float'
C:\Users\Sean Coleman\source\repos\Engine 4\Engine 4\TempGeometry.h(583,1): warning C4305: 'initializing': truncation from 'double' to 'float'
C:\Users\Sean Coleman\source\repos\Engine 4\Engine 4\TempGeometry.h(641,17): warning C4244: '=': conversion from 'double' to 'float', possible loss of data
C:\Users\Sean Coleman\source\repos\Engine 4\Engine 4\TempGeometry.h(642,17): warning C4244: '=': conversion from 'double' to 'float', possible loss of data
C:\Users\Sean Coleman\source\repos\Engine 4\Engine 4\TempGeometry.h(724,18): warning C4244: 'initializing': conversion from 'double' to 'float', possible loss of data
C:\Users\Sean Coleman\source\repos\Engine 4\Engine 4\IOManager.cpp(208,28): warning C4244: '=': conversion from 'double' to 'float', possible loss of data
  Portal.cpp
C:\Users\Sean Coleman\source\repos\Engine 4\Engine 4\TempGeometry.h(12,29): warning C4305: 'initializing': truncation from 'double' to 'const float'
C:\Users\Sean Coleman\source\repos\Engine 4\Engine 4\TempGeometry.h(583,1): warning C4305: 'initializing': truncation from 'double' to 'float'
C:\Users\Sean Coleman\source\repos\Engine 4\Engine 4\TempGeometry.h(641,17): warning C4244: '=': conversion from 'double' to 'float', possible loss of data
C:\Users\Sean Coleman\source\repos\Engine 4\Engine 4\TempGeometry.h(642,17): warning C4244: '=': conversion from 'double' to 'float', possible loss of data
C:\Users\Sean Coleman\source\repos\Engine 4\Engine 4\TempGeometry.h(724,18): warning C4244: 'initializing': conversion from 'double' to 'float', possible loss of data
C:\Users\Sean Coleman\source\repos\Engine 4\Engine 4\Portal.cpp(207,60): warning C4244: 'argument': conversion from 'double' to 'float', possible loss of data
C:\Users\Sean Coleman\source\repos\Engine 4\Engine 4\Portal.cpp(402,60): warning C4244: 'argument': conversion from 'double' to 'float', possible loss of data
C:\Users\Sean Coleman\source\repos\Engine 4\Engine 4\Portal.cpp(568,12): warning C4101: 'faceNorm': unreferenced local variable
C:\Users\Sean Coleman\source\repos\Engine 4\Engine 4\Portal.cpp(1045,43): warning C4305: 'argument': truncation from 'double' to 'float'
C:\Users\Sean Coleman\source\repos\Engine 4\Engine 4\Portal.cpp(1041,14): warning C4101: 'b': unreferenced local variable
C:\Users\Sean Coleman\source\repos\Engine 4\Engine 4\Portal.cpp(1041,11): warning C4101: 'g': unreferenced local variable
C:\Users\Sean Coleman\source\repos\Engine 4\Engine 4\Portal.cpp(1041,8): warning C4101: 'r': unreferenced local variable
  main.cpp
C:\Users\Sean Coleman\source\repos\Engine 4\Engine 4\TempGeometry.h(12,29): warning C4305: 'initializing': truncation from 'double' to 'const float'
C:\Users\Sean Coleman\source\repos\Engine 4\Engine 4\TempGeometry.h(583,1): warning C4305: 'initializing': truncation from 'double' to 'float'
C:\Users\Sean Coleman\source\repos\Engine 4\Engine 4\TempGeometry.h(641,17): warning C4244: '=': conversion from 'double' to 'float', possible loss of data
C:\Users\Sean Coleman\source\repos\Engine 4\Engine 4\TempGeometry.h(642,17): warning C4244: '=': conversion from 'double' to 'float', possible loss of data
C:\Users\Sean Coleman\source\repos\Engine 4\Engine 4\TempGeometry.h(724,18): warning C4244: 'initializing': conversion from 'double' to 'float', possible loss of data
C:\Users\Sean Coleman\source\repos\Engine 4\Engine 4\main.cpp(97,20): warning C4244: 'initializing': conversion from 'double' to 'float', possible loss of data
C:\Users\Sean Coleman\source\repos\Engine 4\Engine 4\main.cpp(98,18): warning C4244: 'initializing': conversion from 'double' to 'float', possible loss of data
C:\Users\Sean Coleman\source\repos\Engine 4\Engine 4\main.cpp(129,14): warning C4244: 'initializing': conversion from 'double' to 'float', possible loss of data
C:\Users\Sean Coleman\source\repos\Engine 4\Engine 4\main.cpp(130,14): warning C4244: 'initializing': conversion from 'double' to 'float', possible loss of data
C:\Users\Sean Coleman\source\repos\Engine 4\Engine 4\main.cpp(225,15): warning C4244: 'initializing': conversion from 'double' to 'float', possible loss of data
C:\Users\Sean Coleman\source\repos\Engine 4\Engine 4\main.cpp(226,13): warning C4244: 'initializing': conversion from 'double' to 'float', possible loss of data
C:\Users\Sean Coleman\source\repos\Engine 4\Engine 4\main.cpp(270,14): warning C4244: 'initializing': conversion from 'double' to 'float', possible loss of data
C:\Users\Sean Coleman\source\repos\Engine 4\Engine 4\main.cpp(271,14): warning C4244: 'initializing': conversion from 'double' to 'float', possible loss of data
C:\Users\Sean Coleman\source\repos\Engine 4\Engine 4\main.cpp(299,80): warning C4244: 'argument': conversion from 'int' to 'float', possible loss of data
C:\Users\Sean Coleman\source\repos\Engine 4\Engine 4\main.cpp(299,62): warning C4244: 'argument': conversion from 'int' to 'float', possible loss of data
C:\Users\Sean Coleman\source\repos\Engine 4\Engine 4\main.cpp(299,44): warning C4244: 'argument': conversion from 'int' to 'float', possible loss of data
C:\Users\Sean Coleman\source\repos\Engine 4\Engine 4\main.cpp(302,39): warning C4244: 'argument': conversion from 'double' to 'float', possible loss of data
C:\Users\Sean Coleman\source\repos\Engine 4\Engine 4\main.cpp(458,42): warning C4305: 'argument': truncation from 'double' to 'float'
C:\Users\Sean Coleman\source\repos\Engine 4\Engine 4\main.cpp(476,102): warning C4305: 'argument': truncation from 'double' to 'float'
C:\Users\Sean Coleman\source\repos\Engine 4\Engine 4\main.cpp(483,53): warning C4244: 'argument': conversion from 'double' to 'float', possible loss of data
C:\Users\Sean Coleman\source\repos\Engine 4\Engine 4\main.cpp(492,24): warning C4305: 'initializing': truncation from 'double' to 'float'
C:\Users\Sean Coleman\source\repos\Engine 4\Engine 4\main.cpp(503,24): warning C4305: '=': truncation from 'double' to 'float'
C:\Users\Sean Coleman\source\repos\Engine 4\Engine 4\main.cpp(505,22): warning C4305: '=': truncation from 'double' to 'float'
C:\Users\Sean Coleman\source\repos\Engine 4\Engine 4\main.cpp(513,53): warning C4305: 'argument': truncation from 'double' to 'float'
C:\Users\Sean Coleman\source\repos\Engine 4\Engine 4\main.cpp(606,14): warning C4244: 'initializing': conversion from 'double' to 'float', possible loss of data
C:\Users\Sean Coleman\source\repos\Engine 4\Engine 4\main.cpp(607,14): warning C4244: 'initializing': conversion from 'double' to 'float', possible loss of data
C:\Users\Sean Coleman\source\repos\Engine 4\Engine 4\main.cpp(608,14): warning C4244: 'initializing': conversion from 'double' to 'float', possible loss of data
C:\Users\Sean Coleman\source\repos\Engine 4\Engine 4\main.cpp(609,38): warning C4305: 'initializing': truncation from 'double' to 'float'
C:\Users\Sean Coleman\source\repos\Engine 4\Engine 4\main.cpp(610,17): warning C4244: 'initializing': conversion from 'double' to 'float', possible loss of data
C:\Users\Sean Coleman\source\repos\Engine 4\Engine 4\main.cpp(611,17): warning C4244: 'initializing': conversion from 'double' to 'float', possible loss of data
C:\Users\Sean Coleman\source\repos\Engine 4\Engine 4\main.cpp(613,91): warning C4244: 'argument': conversion from 'int' to 'float', possible loss of data
C:\Users\Sean Coleman\source\repos\Engine 4\Engine 4\main.cpp(613,88): warning C4244: 'argument': conversion from 'int' to 'float', possible loss of data
C:\Users\Sean Coleman\source\repos\Engine 4\Engine 4\main.cpp(613,85): warning C4244: 'argument': conversion from 'int' to 'float', possible loss of data
C:\Users\Sean Coleman\source\repos\Engine 4\Engine 4\main.cpp(613,97): warning C4305: 'argument': truncation from 'double' to 'float'
C:\Users\Sean Coleman\source\repos\Engine 4\Engine 4\main.cpp(621,25): warning C4305: '=': truncation from 'double' to 'float'
  Generating code
  4 of 1977 functions ( 0.2%) were compiled, the rest were copied from previous compilation.
    0 functions were new in current compilation
    22 functions had inline decision re-evaluated but remain unchanged
  Finished generating code
  Engine 4.vcxproj -> C:\Users\Sean Coleman\source\repos\Engine 4\x64\Release\Engine 4.exe
