c:\users\sean coleman\source\repos\engine 4\engine 4\x64\release\vc142.pdb
c:\users\sean coleman\source\repos\engine 4\engine 4\x64\release\transform.obj
c:\users\sean coleman\source\repos\engine 4\engine 4\x64\release\rendertexture.obj
c:\users\sean coleman\source\repos\engine 4\engine 4\x64\release\main.obj
c:\users\sean coleman\source\repos\engine 4\engine 4\x64\release\gameobject.obj
c:\users\sean coleman\source\repos\engine 4\engine 4\x64\release\iomanager.obj
c:\users\sean coleman\source\repos\engine 4\engine 4\x64\release\mesh.obj
c:\users\sean coleman\source\repos\engine 4\engine 4\x64\release\shader.obj
c:\users\sean coleman\source\repos\engine 4\engine 4\x64\release\camera.obj
c:\users\sean coleman\source\repos\engine 4\engine 4\x64\release\windowshader.obj
c:\users\sean coleman\source\repos\engine 4\engine 4\x64\release\primitives.obj
c:\users\sean coleman\source\repos\engine 4\engine 4\x64\release\physics.obj
c:\users\sean coleman\source\repos\engine 4\engine 4\x64\release\collision.obj
c:\users\sean coleman\source\repos\engine 4\engine 4\x64\release\ssaoshader.obj
c:\users\sean coleman\source\repos\engine 4\engine 4\x64\release\octree.obj
c:\users\sean coleman\source\repos\engine 4\x64\release\engine 4.ipdb
c:\users\sean coleman\source\repos\engine 4\x64\release\engine 4.iobj
c:\users\sean coleman\source\repos\engine 4\x64\release\engine 4.exe
c:\users\sean coleman\source\repos\engine 4\x64\release\engine 4.pdb
c:\users\sean coleman\source\repos\engine 4\engine 4\x64\release\engine 4.tlog\cl.command.1.tlog
c:\users\sean coleman\source\repos\engine 4\engine 4\x64\release\engine 4.tlog\cl.read.1.tlog
c:\users\sean coleman\source\repos\engine 4\engine 4\x64\release\engine 4.tlog\cl.write.1.tlog
c:\users\sean coleman\source\repos\engine 4\engine 4\x64\release\engine 4.tlog\engine 4.write.1u.tlog
c:\users\sean coleman\source\repos\engine 4\engine 4\x64\release\engine 4.tlog\link.command.1.tlog
c:\users\sean coleman\source\repos\engine 4\engine 4\x64\release\engine 4.tlog\link.delete.1.tlog
c:\users\sean coleman\source\repos\engine 4\engine 4\x64\release\engine 4.tlog\link.read.1.tlog
c:\users\sean coleman\source\repos\engine 4\engine 4\x64\release\engine 4.tlog\link.write.1.tlog
